10:40:38.694 WARN  com.zaxxer.hikari.pool.HikariPool - HikariPool-1 - Retrograde clock change detected (housekeeper delta=29s858ms), soft-evicting connections from pool.
11:43:16.371 INFO  c.a.t.system.common.aop.CommonAspect - com.approval.test.board.mapper.BoardMapper.getBoardList()
11:43:16.376 INFO  c.a.t.system.common.aop.CommonAspect - com.approval.test.board.mapper.BoardMapper.getBoardListPaging()
11:43:19.238 INFO  c.a.t.system.common.aop.CommonAspect - com.approval.test.board.mapper.BoardMapper.getBoard()
11:43:19.240 INFO  c.a.t.system.common.aop.CommonAspect - com.approval.test.board.mapper.BoardMapper.getFileList()
11:43:19.249 INFO  c.a.t.system.common.aop.CommonAspect - com.approval.test.board.mapper.BoardMapper.getBoardCommentList()
11:44:45.517 INFO  c.a.t.system.common.aop.CommonAspect - com.approval.test.board.mapper.BoardMapper.getBoardCommentList()
11:44:46.412 INFO  c.a.t.system.common.aop.CommonAspect - com.approval.test.board.mapper.BoardMapper.getBoardCommentList()
11:44:49.042 INFO  c.a.t.system.common.aop.CommonAspect - com.approval.test.board.mapper.BoardMapper.getBoardList()
11:44:49.045 INFO  c.a.t.system.common.aop.CommonAspect - com.approval.test.board.mapper.BoardMapper.getBoardListPaging()
11:44:50.220 INFO  c.a.t.system.common.aop.CommonAspect - com.approval.test.board.mapper.BoardMapper.getBoard()
11:44:50.221 INFO  c.a.t.system.common.aop.CommonAspect - com.approval.test.board.mapper.BoardMapper.getFileList()
11:44:50.241 INFO  c.a.t.system.common.aop.CommonAspect - com.approval.test.board.mapper.BoardMapper.getBoardCommentList()
11:45:37.224 INFO  c.a.t.system.common.aop.CommonAspect - com.approval.test.board.mapper.BoardMapper.getBoardCommentList()
11:46:27.651 INFO  c.a.t.system.common.aop.CommonAspect - com.approval.test.board.mapper.BoardMapper.getBoardCommentList()
11:46:54.829 INFO  c.a.t.system.common.aop.CommonAspect - com.approval.test.board.mapper.BoardMapper.getBoardCommentList()
11:48:16.453 INFO  c.a.t.system.common.aop.CommonAspect - com.approval.test.board.mapper.BoardMapper.getBoardCommentList()
11:50:15.509 INFO  c.a.t.system.common.aop.CommonAspect - com.approval.test.board.mapper.BoardMapper.getBoardCommentList()
11:52:46.404 INFO  c.a.t.system.common.aop.CommonAspect - com.approval.test.board.mapper.BoardMapper.getBoardCommentList()
11:53:03.076 INFO  c.a.t.system.common.aop.CommonAspect - com.approval.test.board.mapper.BoardMapper.getBoardCommentList()
11:55:47.150 INFO  c.a.t.system.common.aop.CommonAspect - com.approval.test.board.mapper.BoardMapper.getBoardCommentList()
12:09:19.542 WARN  com.zaxxer.hikari.pool.HikariPool - HikariPool-1 - Thread starvation or clock leap detected (housekeeper delta=7m10s355ms).
12:11:27.046 WARN  com.zaxxer.hikari.pool.HikariPool - HikariPool-1 - Thread starvation or clock leap detected (housekeeper delta=1m37s496ms).
12:13:04.626 WARN  com.zaxxer.hikari.pool.HikariPool - HikariPool-1 - Thread starvation or clock leap detected (housekeeper delta=1m37s580ms).
12:15:12.127 WARN  com.zaxxer.hikari.pool.HikariPool - HikariPool-1 - Thread starvation or clock leap detected (housekeeper delta=1m37s500ms).
12:17:19.711 WARN  com.zaxxer.hikari.pool.HikariPool - HikariPool-1 - Thread starvation or clock leap detected (housekeeper delta=1m37s575ms).
12:19:25.892 WARN  com.zaxxer.hikari.pool.HikariPool - HikariPool-1 - Thread starvation or clock leap detected (housekeeper delta=1m36s171ms).
12:36:45.424 WARN  com.zaxxer.hikari.pool.HikariPool - HikariPool-1 - Thread starvation or clock leap detected (housekeeper delta=17m19s532ms).
13:11:54.111 INFO  c.a.t.system.common.aop.CommonAspect - com.approval.test.board.mapper.BoardMapper.getBoardCommentList()
13:12:37.013 INFO  c.a.t.system.common.aop.CommonAspect - com.approval.test.board.mapper.BoardMapper.getBoardList()
13:12:37.017 INFO  c.a.t.system.common.aop.CommonAspect - com.approval.test.board.mapper.BoardMapper.getBoardListPaging()
13:12:39.026 INFO  c.a.t.system.common.aop.CommonAspect - com.approval.test.board.mapper.BoardMapper.getBoard()
13:12:39.028 INFO  c.a.t.system.common.aop.CommonAspect - com.approval.test.board.mapper.BoardMapper.getFileList()
13:12:39.037 INFO  c.a.t.system.common.aop.CommonAspect - com.approval.test.board.mapper.BoardMapper.getBoardCommentList()
13:13:21.270 INFO  com.zaxxer.hikari.HikariDataSource - HikariPool-1 - Shutdown initiated...
13:13:21.273 INFO  com.zaxxer.hikari.HikariDataSource - HikariPool-1 - Shutdown completed.
13:15:07.653 INFO  com.approval.test.DemoApplication - Starting DemoApplication using Java 1.8.0_292 on GWONs-iMac.local with PID 9672 (/Users/gwondaewon/Workspace/ApprovalManagementSystem/javaProject/Approval_Management_System/build/classes/java/main started by gwondaewon in /Users/gwondaewon/Workspace/ApprovalManagementSystem/javaProject/Approval_Management_System)
13:15:07.654 INFO  com.approval.test.DemoApplication - No active profile set, falling back to default profiles: default
13:15:08.718 INFO  o.a.coyote.http11.Http11NioProtocol - Initializing ProtocolHandler ["http-nio-9999"]
13:15:08.719 INFO  org.apache.coyote.ajp.AjpNioProtocol - Initializing ProtocolHandler ["ajp-nio-127.0.0.1-8009"]
13:15:08.727 INFO  o.a.catalina.core.StandardService - Starting service [Tomcat]
13:15:08.727 INFO  o.a.catalina.core.StandardEngine - Starting Servlet engine: [Apache Tomcat/9.0.56]
13:15:08.758 INFO  o.a.c.c.C.[Tomcat].[localhost].[/] - Initializing Spring embedded WebApplicationContext
13:15:09.321 INFO  o.a.coyote.http11.Http11NioProtocol - Starting ProtocolHandler ["http-nio-9999"]
13:15:09.328 INFO  org.apache.coyote.ajp.AjpNioProtocol - Starting ProtocolHandler ["ajp-nio-127.0.0.1-8009"]
13:15:09.337 INFO  com.approval.test.DemoApplication - Started DemoApplication in 1.97 seconds (JVM running for 2.384)
13:15:38.076 INFO  o.a.c.c.C.[Tomcat].[localhost].[/] - Initializing Spring DispatcherServlet 'dispatcherServlet'
13:16:14.241 INFO  c.a.t.system.common.aop.CommonAspect - com.approval.test.board.mapper.BoardMapper.getBoardCommentList()
13:16:14.250 INFO  com.zaxxer.hikari.HikariDataSource - HikariPool-1 - Starting...
13:16:14.538 INFO  com.zaxxer.hikari.HikariDataSource - HikariPool-1 - Start completed.
13:16:15.177 INFO  c.a.t.system.common.aop.CommonAspect - com.approval.test.board.mapper.BoardMapper.getBoardList()
13:16:15.204 INFO  c.a.t.system.common.aop.CommonAspect - com.approval.test.board.mapper.BoardMapper.getBoardListPaging()
13:16:16.202 INFO  c.a.t.system.common.aop.CommonAspect - com.approval.test.board.mapper.BoardMapper.getBoard()
13:16:16.205 INFO  c.a.t.system.common.aop.CommonAspect - com.approval.test.board.mapper.BoardMapper.getFileList()
13:16:16.215 INFO  c.a.t.system.common.aop.CommonAspect - com.approval.test.board.mapper.BoardMapper.getBoardCommentList()
13:16:42.475 INFO  com.zaxxer.hikari.HikariDataSource - HikariPool-1 - Shutdown initiated...
13:16:42.480 INFO  com.zaxxer.hikari.HikariDataSource - HikariPool-1 - Shutdown completed.
13:16:44.689 INFO  com.approval.test.DemoApplication - Starting DemoApplication using Java 1.8.0_292 on GWONs-iMac.local with PID 9693 (/Users/gwondaewon/Workspace/ApprovalManagementSystem/javaProject/Approval_Management_System/build/classes/java/main started by gwondaewon in /Users/gwondaewon/Workspace/ApprovalManagementSystem/javaProject/Approval_Management_System)
13:16:44.690 INFO  com.approval.test.DemoApplication - No active profile set, falling back to default profiles: default
13:16:45.547 INFO  o.a.coyote.http11.Http11NioProtocol - Initializing ProtocolHandler ["http-nio-9999"]
13:16:45.548 INFO  org.apache.coyote.ajp.AjpNioProtocol - Initializing ProtocolHandler ["ajp-nio-127.0.0.1-8009"]
13:16:45.556 INFO  o.a.catalina.core.StandardService - Starting service [Tomcat]
13:16:45.556 INFO  o.a.catalina.core.StandardEngine - Starting Servlet engine: [Apache Tomcat/9.0.56]
13:16:45.588 INFO  o.a.c.c.C.[Tomcat].[localhost].[/] - Initializing Spring embedded WebApplicationContext
13:16:46.133 INFO  o.a.coyote.http11.Http11NioProtocol - Starting ProtocolHandler ["http-nio-9999"]
13:16:46.139 INFO  org.apache.coyote.ajp.AjpNioProtocol - Starting ProtocolHandler ["ajp-nio-127.0.0.1-8009"]
13:16:46.147 INFO  com.approval.test.DemoApplication - Started DemoApplication in 1.746 seconds (JVM running for 2.123)
13:16:48.690 INFO  o.a.c.c.C.[Tomcat].[localhost].[/] - Initializing Spring DispatcherServlet 'dispatcherServlet'
13:17:05.310 INFO  com.approval.test.DemoApplication - Starting DemoApplication using Java 1.8.0_292 on GWONs-iMac.local with PID 9698 (/Users/gwondaewon/Workspace/ApprovalManagementSystem/javaProject/Approval_Management_System/build/classes/java/main started by gwondaewon in /Users/gwondaewon/Workspace/ApprovalManagementSystem/javaProject/Approval_Management_System)
13:17:05.311 INFO  com.approval.test.DemoApplication - No active profile set, falling back to default profiles: default
13:17:06.140 INFO  o.a.coyote.http11.Http11NioProtocol - Initializing ProtocolHandler ["http-nio-9999"]
13:17:06.141 INFO  org.apache.coyote.ajp.AjpNioProtocol - Initializing ProtocolHandler ["ajp-nio-127.0.0.1-8009"]
13:17:06.149 INFO  o.a.catalina.core.StandardService - Starting service [Tomcat]
13:17:06.149 INFO  o.a.catalina.core.StandardEngine - Starting Servlet engine: [Apache Tomcat/9.0.56]
13:17:06.181 INFO  o.a.c.c.C.[Tomcat].[localhost].[/] - Initializing Spring embedded WebApplicationContext
13:17:06.727 INFO  o.a.coyote.http11.Http11NioProtocol - Starting ProtocolHandler ["http-nio-9999"]
13:17:06.733 INFO  org.apache.coyote.ajp.AjpNioProtocol - Starting ProtocolHandler ["ajp-nio-127.0.0.1-8009"]
13:17:06.742 INFO  com.approval.test.DemoApplication - Started DemoApplication in 1.689 seconds (JVM running for 2.054)
13:17:10.517 INFO  o.a.c.c.C.[Tomcat].[localhost].[/] - Initializing Spring DispatcherServlet 'dispatcherServlet'
13:21:12.714 INFO  com.approval.test.DemoApplication - Starting DemoApplication using Java 1.8.0_292 on GWONs-iMac.local with PID 9747 (/Users/gwondaewon/Workspace/ApprovalManagementSystem/javaProject/Approval_Management_System/build/classes/java/main started by gwondaewon in /Users/gwondaewon/Workspace/ApprovalManagementSystem/javaProject/Approval_Management_System)
13:21:12.715 INFO  com.approval.test.DemoApplication - No active profile set, falling back to default profiles: default
13:21:13.949 INFO  o.a.coyote.http11.Http11NioProtocol - Initializing ProtocolHandler ["http-nio-9999"]
13:21:13.949 INFO  org.apache.coyote.ajp.AjpNioProtocol - Initializing ProtocolHandler ["ajp-nio-127.0.0.1-8009"]
13:21:13.957 INFO  o.a.catalina.core.StandardService - Starting service [Tomcat]
13:21:13.957 INFO  o.a.catalina.core.StandardEngine - Starting Servlet engine: [Apache Tomcat/9.0.56]
13:21:13.989 INFO  o.a.c.c.C.[Tomcat].[localhost].[/] - Initializing Spring embedded WebApplicationContext
13:21:14.564 INFO  o.a.coyote.http11.Http11NioProtocol - Starting ProtocolHandler ["http-nio-9999"]
13:21:14.570 INFO  org.apache.coyote.ajp.AjpNioProtocol - Starting ProtocolHandler ["ajp-nio-127.0.0.1-8009"]
13:21:14.578 INFO  com.approval.test.DemoApplication - Started DemoApplication in 2.18 seconds (JVM running for 2.552)
13:21:17.236 INFO  o.a.c.c.C.[Tomcat].[localhost].[/] - Initializing Spring DispatcherServlet 'dispatcherServlet'
15:46:13.126 INFO  com.approval.test.DemoApplication - Starting DemoApplication using Java 1.8.0_292 on GWONs-iMac.local with PID 11261 (/Users/gwondaewon/Workspace/ApprovalManagementSystem/javaProject/Approval_Management_System/build/classes/java/main started by gwondaewon in /Users/gwondaewon/Workspace/ApprovalManagementSystem/javaProject/Approval_Management_System)
15:46:13.126 INFO  com.approval.test.DemoApplication - No active profile set, falling back to default profiles: default
15:46:13.953 INFO  o.a.coyote.http11.Http11NioProtocol - Initializing ProtocolHandler ["http-nio-9999"]
15:46:13.954 INFO  org.apache.coyote.ajp.AjpNioProtocol - Initializing ProtocolHandler ["ajp-nio-127.0.0.1-8009"]
15:46:13.962 INFO  o.a.catalina.core.StandardService - Starting service [Tomcat]
15:46:13.962 INFO  o.a.catalina.core.StandardEngine - Starting Servlet engine: [Apache Tomcat/9.0.56]
15:46:13.994 INFO  o.a.c.c.C.[Tomcat].[localhost].[/] - Initializing Spring embedded WebApplicationContext
15:46:14.562 INFO  o.a.coyote.http11.Http11NioProtocol - Starting ProtocolHandler ["http-nio-9999"]
15:46:14.568 INFO  org.apache.coyote.ajp.AjpNioProtocol - Starting ProtocolHandler ["ajp-nio-127.0.0.1-8009"]
15:46:14.576 INFO  com.approval.test.DemoApplication - Started DemoApplication in 1.71 seconds (JVM running for 2.095)
15:46:30.753 INFO  o.a.c.c.C.[Tomcat].[localhost].[/] - Initializing Spring DispatcherServlet 'dispatcherServlet'
15:53:09.889 INFO  c.a.t.system.common.aop.CommonAspect - com.approval.test.board.mapper.BoardMapper.getBoardCommentList()
15:53:09.899 INFO  com.zaxxer.hikari.HikariDataSource - HikariPool-1 - Starting...
15:53:10.081 INFO  com.zaxxer.hikari.HikariDataSource - HikariPool-1 - Start completed.
15:54:07.972 INFO  c.a.t.system.common.aop.CommonAspect - com.approval.test.board.mapper.BoardMapper.getBoardCommentList()
15:54:12.986 INFO  com.zaxxer.hikari.HikariDataSource - HikariPool-1 - Shutdown initiated...
15:54:12.993 INFO  com.zaxxer.hikari.HikariDataSource - HikariPool-1 - Shutdown completed.
15:54:15.446 INFO  com.approval.test.DemoApplication - Starting DemoApplication using Java 1.8.0_292 on GWONs-iMac.local with PID 11315 (/Users/gwondaewon/Workspace/ApprovalManagementSystem/javaProject/Approval_Management_System/build/classes/java/main started by gwondaewon in /Users/gwondaewon/Workspace/ApprovalManagementSystem/javaProject/Approval_Management_System)
15:54:15.448 INFO  com.approval.test.DemoApplication - No active profile set, falling back to default profiles: default
15:54:16.390 INFO  o.a.coyote.http11.Http11NioProtocol - Initializing ProtocolHandler ["http-nio-9999"]
15:54:16.391 INFO  org.apache.coyote.ajp.AjpNioProtocol - Initializing ProtocolHandler ["ajp-nio-127.0.0.1-8009"]
15:54:16.399 INFO  o.a.catalina.core.StandardService - Starting service [Tomcat]
15:54:16.399 INFO  o.a.catalina.core.StandardEngine - Starting Servlet engine: [Apache Tomcat/9.0.56]
15:54:16.435 INFO  o.a.c.c.C.[Tomcat].[localhost].[/] - Initializing Spring embedded WebApplicationContext
15:54:17.031 INFO  o.a.coyote.http11.Http11NioProtocol - Starting ProtocolHandler ["http-nio-9999"]
15:54:17.038 INFO  org.apache.coyote.ajp.AjpNioProtocol - Starting ProtocolHandler ["ajp-nio-127.0.0.1-8009"]
15:54:17.047 INFO  com.approval.test.DemoApplication - Started DemoApplication in 1.886 seconds (JVM running for 2.261)
15:54:42.057 INFO  com.approval.test.DemoApplication - Starting DemoApplication using Java 1.8.0_292 on GWONs-iMac.local with PID 11332 (/Users/gwondaewon/Workspace/ApprovalManagementSystem/javaProject/Approval_Management_System/build/classes/java/main started by gwondaewon in /Users/gwondaewon/Workspace/ApprovalManagementSystem/javaProject/Approval_Management_System)
15:54:42.058 INFO  com.approval.test.DemoApplication - No active profile set, falling back to default profiles: default
15:54:42.913 INFO  o.a.coyote.http11.Http11NioProtocol - Initializing ProtocolHandler ["http-nio-9999"]
15:54:42.914 INFO  org.apache.coyote.ajp.AjpNioProtocol - Initializing ProtocolHandler ["ajp-nio-127.0.0.1-8009"]
15:54:42.922 INFO  o.a.catalina.core.StandardService - Starting service [Tomcat]
15:54:42.922 INFO  o.a.catalina.core.StandardEngine - Starting Servlet engine: [Apache Tomcat/9.0.56]
15:54:42.953 INFO  o.a.c.c.C.[Tomcat].[localhost].[/] - Initializing Spring embedded WebApplicationContext
15:54:43.533 INFO  o.a.coyote.http11.Http11NioProtocol - Starting ProtocolHandler ["http-nio-9999"]
15:54:43.540 INFO  org.apache.coyote.ajp.AjpNioProtocol - Starting ProtocolHandler ["ajp-nio-127.0.0.1-8009"]
15:54:43.549 INFO  com.approval.test.DemoApplication - Started DemoApplication in 1.755 seconds (JVM running for 2.165)
15:54:51.884 INFO  o.a.c.c.C.[Tomcat].[localhost].[/] - Initializing Spring DispatcherServlet 'dispatcherServlet'
15:55:52.026 INFO  com.approval.test.DemoApplication - Starting DemoApplication using Java 1.8.0_292 on GWONs-iMac.local with PID 11346 (/Users/gwondaewon/Workspace/ApprovalManagementSystem/javaProject/Approval_Management_System/build/classes/java/main started by gwondaewon in /Users/gwondaewon/Workspace/ApprovalManagementSystem/javaProject/Approval_Management_System)
15:55:52.027 INFO  com.approval.test.DemoApplication - No active profile set, falling back to default profiles: default
15:55:52.864 INFO  o.a.coyote.http11.Http11NioProtocol - Initializing ProtocolHandler ["http-nio-9999"]
15:55:52.867 INFO  org.apache.coyote.ajp.AjpNioProtocol - Initializing ProtocolHandler ["ajp-nio-127.0.0.1-8009"]
15:55:52.876 INFO  o.a.catalina.core.StandardService - Starting service [Tomcat]
15:55:52.886 INFO  o.a.catalina.core.StandardEngine - Starting Servlet engine: [Apache Tomcat/9.0.56]
15:55:52.938 INFO  o.a.c.c.C.[Tomcat].[localhost].[/] - Initializing Spring embedded WebApplicationContext
15:55:53.482 INFO  o.a.coyote.http11.Http11NioProtocol - Starting ProtocolHandler ["http-nio-9999"]
15:55:53.488 INFO  org.apache.coyote.ajp.AjpNioProtocol - Starting ProtocolHandler ["ajp-nio-127.0.0.1-8009"]
15:55:53.496 INFO  com.approval.test.DemoApplication - Started DemoApplication in 1.732 seconds (JVM running for 2.073)
15:55:59.008 INFO  o.a.c.c.C.[Tomcat].[localhost].[/] - Initializing Spring DispatcherServlet 'dispatcherServlet'
15:57:56.740 INFO  com.approval.test.DemoApplication - Starting DemoApplication using Java 1.8.0_292 on GWONs-iMac.local with PID 11360 (/Users/gwondaewon/Workspace/ApprovalManagementSystem/javaProject/Approval_Management_System/build/classes/java/main started by gwondaewon in /Users/gwondaewon/Workspace/ApprovalManagementSystem/javaProject/Approval_Management_System)
15:57:56.741 INFO  com.approval.test.DemoApplication - No active profile set, falling back to default profiles: default
15:57:57.648 INFO  o.a.coyote.http11.Http11NioProtocol - Initializing ProtocolHandler ["http-nio-9999"]
15:57:57.649 INFO  org.apache.coyote.ajp.AjpNioProtocol - Initializing ProtocolHandler ["ajp-nio-127.0.0.1-8009"]
15:57:57.658 INFO  o.a.catalina.core.StandardService - Starting service [Tomcat]
15:57:57.658 INFO  o.a.catalina.core.StandardEngine - Starting Servlet engine: [Apache Tomcat/9.0.56]
15:57:57.694 INFO  o.a.c.c.C.[Tomcat].[localhost].[/] - Initializing Spring embedded WebApplicationContext
15:57:58.262 INFO  o.a.coyote.http11.Http11NioProtocol - Starting ProtocolHandler ["http-nio-9999"]
15:57:58.268 INFO  org.apache.coyote.ajp.AjpNioProtocol - Starting ProtocolHandler ["ajp-nio-127.0.0.1-8009"]
15:57:58.276 INFO  com.approval.test.DemoApplication - Started DemoApplication in 1.839 seconds (JVM running for 2.263)
15:58:06.735 INFO  o.a.c.c.C.[Tomcat].[localhost].[/] - Initializing Spring DispatcherServlet 'dispatcherServlet'
16:18:07.460 INFO  com.approval.test.DemoApplication - Starting DemoApplication using Java 1.8.0_292 on GWONs-iMac.local with PID 11442 (/Users/gwondaewon/Workspace/ApprovalManagementSystem/javaProject/Approval_Management_System/build/classes/java/main started by gwondaewon in /Users/gwondaewon/Workspace/ApprovalManagementSystem/javaProject/Approval_Management_System)
16:18:07.462 INFO  com.approval.test.DemoApplication - No active profile set, falling back to default profiles: default
16:18:08.445 INFO  o.a.coyote.http11.Http11NioProtocol - Initializing ProtocolHandler ["http-nio-9999"]
16:18:08.446 INFO  org.apache.coyote.ajp.AjpNioProtocol - Initializing ProtocolHandler ["ajp-nio-127.0.0.1-8009"]
16:18:08.457 INFO  o.a.catalina.core.StandardService - Starting service [Tomcat]
16:18:08.458 INFO  o.a.catalina.core.StandardEngine - Starting Servlet engine: [Apache Tomcat/9.0.56]
16:18:08.500 INFO  o.a.c.c.C.[Tomcat].[localhost].[/] - Initializing Spring embedded WebApplicationContext
16:18:09.100 INFO  o.a.coyote.http11.Http11NioProtocol - Starting ProtocolHandler ["http-nio-9999"]
16:18:09.106 INFO  org.apache.coyote.ajp.AjpNioProtocol - Starting ProtocolHandler ["ajp-nio-127.0.0.1-8009"]
16:18:09.116 INFO  com.approval.test.DemoApplication - Started DemoApplication in 1.95 seconds (JVM running for 2.329)
16:18:12.292 INFO  com.approval.test.DemoApplication - Starting DemoApplication using Java 1.8.0_292 on GWONs-iMac.local with PID 11447 (/Users/gwondaewon/Workspace/ApprovalManagementSystem/javaProject/Approval_Management_System/build/classes/java/main started by gwondaewon in /Users/gwondaewon/Workspace/ApprovalManagementSystem/javaProject/Approval_Management_System)
16:18:12.293 INFO  com.approval.test.DemoApplication - No active profile set, falling back to default profiles: default
16:18:13.119 INFO  o.a.coyote.http11.Http11NioProtocol - Initializing ProtocolHandler ["http-nio-9999"]
16:18:13.120 INFO  org.apache.coyote.ajp.AjpNioProtocol - Initializing ProtocolHandler ["ajp-nio-127.0.0.1-8009"]
16:18:13.128 INFO  o.a.catalina.core.StandardService - Starting service [Tomcat]
16:18:13.129 INFO  o.a.catalina.core.StandardEngine - Starting Servlet engine: [Apache Tomcat/9.0.56]
16:18:13.160 INFO  o.a.c.c.C.[Tomcat].[localhost].[/] - Initializing Spring embedded WebApplicationContext
16:18:13.701 INFO  o.a.coyote.http11.Http11NioProtocol - Starting ProtocolHandler ["http-nio-9999"]
16:18:13.707 INFO  org.apache.coyote.ajp.AjpNioProtocol - Starting ProtocolHandler ["ajp-nio-127.0.0.1-8009"]
16:18:13.715 INFO  com.approval.test.DemoApplication - Started DemoApplication in 1.691 seconds (JVM running for 2.049)
16:18:21.414 INFO  o.a.c.c.C.[Tomcat].[localhost].[/] - Initializing Spring DispatcherServlet 'dispatcherServlet'
16:23:41.112 INFO  com.approval.test.DemoApplication - Starting DemoApplication using Java 1.8.0_292 on GWONs-iMac.local with PID 11475 (/Users/gwondaewon/Workspace/ApprovalManagementSystem/javaProject/Approval_Management_System/build/classes/java/main started by gwondaewon in /Users/gwondaewon/Workspace/ApprovalManagementSystem/javaProject/Approval_Management_System)
16:23:41.114 INFO  com.approval.test.DemoApplication - No active profile set, falling back to default profiles: default
16:23:42.098 INFO  o.a.coyote.http11.Http11NioProtocol - Initializing ProtocolHandler ["http-nio-9999"]
16:23:42.099 INFO  org.apache.coyote.ajp.AjpNioProtocol - Initializing ProtocolHandler ["ajp-nio-127.0.0.1-8009"]
16:23:42.108 INFO  o.a.catalina.core.StandardService - Starting service [Tomcat]
16:23:42.108 INFO  o.a.catalina.core.StandardEngine - Starting Servlet engine: [Apache Tomcat/9.0.56]
16:23:42.143 INFO  o.a.c.c.C.[Tomcat].[localhost].[/] - Initializing Spring embedded WebApplicationContext
16:23:42.711 INFO  o.a.coyote.http11.Http11NioProtocol - Starting ProtocolHandler ["http-nio-9999"]
16:23:42.716 INFO  org.apache.coyote.ajp.AjpNioProtocol - Starting ProtocolHandler ["ajp-nio-127.0.0.1-8009"]
16:23:42.725 INFO  com.approval.test.DemoApplication - Started DemoApplication in 1.974 seconds (JVM running for 2.386)
16:23:49.693 INFO  o.a.c.c.C.[Tomcat].[localhost].[/] - Initializing Spring DispatcherServlet 'dispatcherServlet'
16:23:49.764 ERROR c.a.t.system.common.aop.CommonAspect - defaultExceptionHandler
java.io.FileNotFoundException: URL [file:/users/gwondaewon/Workspace/fileTest/38d3a6a4-d45d-49bc-9949-2cc6af95c992.jpeg/38d3a6a4-d45d-49bc-9949-2cc6af95c992.jpeg] cannot be resolved in the file system for checking its content length
	at org.springframework.core.io.AbstractFileResolvingResource.contentLength(AbstractFileResolvingResource.java:240)
	at org.springframework.http.converter.ResourceHttpMessageConverter.getContentLength(ResourceHttpMessageConverter.java:121)
	at org.springframework.http.converter.ResourceHttpMessageConverter.getContentLength(ResourceHttpMessageConverter.java:45)
	at org.springframework.http.converter.AbstractHttpMessageConverter.addDefaultHeaders(AbstractHttpMessageConverter.java:260)
	at org.springframework.http.converter.AbstractHttpMessageConverter.write(AbstractHttpMessageConverter.java:211)
	at org.springframework.web.servlet.mvc.method.annotation.AbstractMessageConverterMethodProcessor.writeWithMessageConverters(AbstractMessageConverterMethodProcessor.java:293)
	at org.springframework.web.servlet.mvc.method.annotation.HttpEntityMethodProcessor.handleReturnValue(HttpEntityMethodProcessor.java:219)
	at org.springframework.web.method.support.HandlerMethodReturnValueHandlerComposite.handleReturnValue(HandlerMethodReturnValueHandlerComposite.java:78)
	at org.springframework.web.servlet.mvc.method.annotation.ServletInvocableHandlerMethod.invokeAndHandle(ServletInvocableHandlerMethod.java:135)
	at org.springframework.web.servlet.mvc.method.annotation.RequestMappingHandlerAdapter.invokeHandlerMethod(RequestMappingHandlerAdapter.java:895)
	at org.springframework.web.servlet.mvc.method.annotation.RequestMappingHandlerAdapter.handleInternal(RequestMappingHandlerAdapter.java:808)
	at org.springframework.web.servlet.mvc.method.AbstractHandlerMethodAdapter.handle(AbstractHandlerMethodAdapter.java:87)
	at org.springframework.web.servlet.DispatcherServlet.doDispatch(DispatcherServlet.java:1067)
	at org.springframework.web.servlet.DispatcherServlet.doService(DispatcherServlet.java:963)
	at org.springframework.web.servlet.FrameworkServlet.processRequest(FrameworkServlet.java:1006)
	at org.springframework.web.servlet.FrameworkServlet.doPost(FrameworkServlet.java:909)
	at javax.servlet.http.HttpServlet.service(HttpServlet.java:665)
	at org.springframework.web.servlet.FrameworkServlet.service(FrameworkServlet.java:883)
	at javax.servlet.http.HttpServlet.service(HttpServlet.java:750)
	at org.apache.catalina.core.ApplicationFilterChain.internalDoFilter(ApplicationFilterChain.java:227)
	at org.apache.catalina.core.ApplicationFilterChain.doFilter(ApplicationFilterChain.java:162)
	at org.apache.tomcat.websocket.server.WsFilter.doFilter(WsFilter.java:53)
	at org.apache.catalina.core.ApplicationFilterChain.internalDoFilter(ApplicationFilterChain.java:189)
	at org.apache.catalina.core.ApplicationFilterChain.doFilter(ApplicationFilterChain.java:162)
	at org.springframework.web.filter.RequestContextFilter.doFilterInternal(RequestContextFilter.java:100)
	at org.springframework.web.filter.OncePerRequestFilter.doFilter(OncePerRequestFilter.java:117)
	at org.apache.catalina.core.ApplicationFilterChain.internalDoFilter(ApplicationFilterChain.java:189)
	at org.apache.catalina.core.ApplicationFilterChain.doFilter(ApplicationFilterChain.java:162)
	at org.springframework.web.filter.FormContentFilter.doFilterInternal(FormContentFilter.java:93)
	at org.springframework.web.filter.OncePerRequestFilter.doFilter(OncePerRequestFilter.java:117)
	at org.apache.catalina.core.ApplicationFilterChain.internalDoFilter(ApplicationFilterChain.java:189)
	at org.apache.catalina.core.ApplicationFilterChain.doFilter(ApplicationFilterChain.java:162)
	at org.springframework.web.filter.CharacterEncodingFilter.doFilterInternal(CharacterEncodingFilter.java:201)
	at org.springframework.web.filter.OncePerRequestFilter.doFilter(OncePerRequestFilter.java:117)
	at org.apache.catalina.core.ApplicationFilterChain.internalDoFilter(ApplicationFilterChain.java:189)
	at org.apache.catalina.core.ApplicationFilterChain.doFilter(ApplicationFilterChain.java:162)
	at org.apache.catalina.core.StandardWrapperValve.invoke(StandardWrapperValve.java:197)
	at org.apache.catalina.core.StandardContextValve.invoke(StandardContextValve.java:97)
	at org.apache.catalina.authenticator.AuthenticatorBase.invoke(AuthenticatorBase.java:540)
	at org.apache.catalina.core.StandardHostValve.invoke(StandardHostValve.java:135)
	at org.apache.catalina.valves.ErrorReportValve.invoke(ErrorReportValve.java:92)
	at org.apache.catalina.core.StandardEngineValve.invoke(StandardEngineValve.java:78)
	at org.apache.catalina.connector.CoyoteAdapter.service(CoyoteAdapter.java:357)
	at org.apache.coyote.http11.Http11Processor.service(Http11Processor.java:382)
	at org.apache.coyote.AbstractProcessorLight.process(AbstractProcessorLight.java:65)
	at org.apache.coyote.AbstractProtocol$ConnectionHandler.process(AbstractProtocol.java:895)
	at org.apache.tomcat.util.net.NioEndpoint$SocketProcessor.doRun(NioEndpoint.java:1732)
	at org.apache.tomcat.util.net.SocketProcessorBase.run(SocketProcessorBase.java:49)
	at org.apache.tomcat.util.threads.ThreadPoolExecutor.runWorker(ThreadPoolExecutor.java:1191)
	at org.apache.tomcat.util.threads.ThreadPoolExecutor$Worker.run(ThreadPoolExecutor.java:659)
	at org.apache.tomcat.util.threads.TaskThread$WrappingRunnable.run(TaskThread.java:61)
	at java.lang.Thread.run(Thread.java:748)
16:25:56.290 INFO  com.approval.test.DemoApplication - Starting DemoApplication using Java 1.8.0_292 on GWONs-iMac.local with PID 11502 (/Users/gwondaewon/Workspace/ApprovalManagementSystem/javaProject/Approval_Management_System/build/classes/java/main started by gwondaewon in /Users/gwondaewon/Workspace/ApprovalManagementSystem/javaProject/Approval_Management_System)
16:25:56.291 INFO  com.approval.test.DemoApplication - No active profile set, falling back to default profiles: default
16:25:57.151 INFO  o.a.coyote.http11.Http11NioProtocol - Initializing ProtocolHandler ["http-nio-9999"]
16:25:57.152 INFO  org.apache.coyote.ajp.AjpNioProtocol - Initializing ProtocolHandler ["ajp-nio-127.0.0.1-8009"]
16:25:57.160 INFO  o.a.catalina.core.StandardService - Starting service [Tomcat]
16:25:57.160 INFO  o.a.catalina.core.StandardEngine - Starting Servlet engine: [Apache Tomcat/9.0.56]
16:25:57.192 INFO  o.a.c.c.C.[Tomcat].[localhost].[/] - Initializing Spring embedded WebApplicationContext
16:25:57.790 INFO  o.a.coyote.http11.Http11NioProtocol - Starting ProtocolHandler ["http-nio-9999"]
16:25:57.797 INFO  org.apache.coyote.ajp.AjpNioProtocol - Starting ProtocolHandler ["ajp-nio-127.0.0.1-8009"]
16:25:57.807 INFO  com.approval.test.DemoApplication - Started DemoApplication in 1.792 seconds (JVM running for 2.177)
16:26:11.224 INFO  o.a.c.c.C.[Tomcat].[localhost].[/] - Initializing Spring DispatcherServlet 'dispatcherServlet'
16:34:09.577 INFO  com.approval.test.DemoApplication - Starting DemoApplication using Java 1.8.0_292 on GWONs-iMac.local with PID 11577 (/Users/gwondaewon/Workspace/ApprovalManagementSystem/javaProject/Approval_Management_System/build/classes/java/main started by gwondaewon in /Users/gwondaewon/Workspace/ApprovalManagementSystem/javaProject/Approval_Management_System)
16:34:09.578 INFO  com.approval.test.DemoApplication - No active profile set, falling back to default profiles: default
16:34:10.488 INFO  o.a.coyote.http11.Http11NioProtocol - Initializing ProtocolHandler ["http-nio-9999"]
16:34:10.489 INFO  org.apache.coyote.ajp.AjpNioProtocol - Initializing ProtocolHandler ["ajp-nio-127.0.0.1-8009"]
16:34:10.497 INFO  o.a.catalina.core.StandardService - Starting service [Tomcat]
16:34:10.497 INFO  o.a.catalina.core.StandardEngine - Starting Servlet engine: [Apache Tomcat/9.0.56]
16:34:10.531 INFO  o.a.c.c.C.[Tomcat].[localhost].[/] - Initializing Spring embedded WebApplicationContext
16:34:11.220 INFO  o.a.coyote.http11.Http11NioProtocol - Starting ProtocolHandler ["http-nio-9999"]
16:34:11.227 INFO  org.apache.coyote.ajp.AjpNioProtocol - Starting ProtocolHandler ["ajp-nio-127.0.0.1-8009"]
16:34:11.237 INFO  com.approval.test.DemoApplication - Started DemoApplication in 1.947 seconds (JVM running for 2.33)
16:34:13.945 INFO  o.a.c.c.C.[Tomcat].[localhost].[/] - Initializing Spring DispatcherServlet 'dispatcherServlet'
16:38:52.191 INFO  c.a.t.system.common.aop.CommonAspect - com.approval.test.board.mapper.BoardMapper.getBoardCommentList()
16:38:52.206 INFO  com.zaxxer.hikari.HikariDataSource - HikariPool-1 - Starting...
16:38:52.499 INFO  com.zaxxer.hikari.HikariDataSource - HikariPool-1 - Start completed.
16:40:27.398 INFO  c.a.t.system.common.aop.CommonAspect - com.approval.test.board.mapper.BoardMapper.getBoardCommentList()
16:40:29.611 INFO  c.a.t.system.common.aop.CommonAspect - com.approval.test.board.mapper.BoardMapper.getBoardList()
16:40:29.627 INFO  c.a.t.system.common.aop.CommonAspect - com.approval.test.board.mapper.BoardMapper.getBoardListPaging()
16:40:30.834 INFO  c.a.t.system.common.aop.CommonAspect - com.approval.test.board.mapper.BoardMapper.getBoard()
16:40:30.837 INFO  c.a.t.system.common.aop.CommonAspect - com.approval.test.board.mapper.BoardMapper.getFileList()
16:40:30.847 INFO  c.a.t.system.common.aop.CommonAspect - com.approval.test.board.mapper.BoardMapper.getBoardCommentList()
16:40:38.100 INFO  c.a.t.system.common.aop.CommonAspect - com.approval.test.board.mapper.BoardMapper.getBoardCommentList()
16:41:00.004 INFO  c.a.t.system.common.aop.CommonAspect - com.approval.test.board.mapper.BoardMapper.getBoardList()
16:41:00.010 INFO  c.a.t.system.common.aop.CommonAspect - com.approval.test.board.mapper.BoardMapper.getBoardListPaging()
16:41:01.218 INFO  c.a.t.system.common.aop.CommonAspect - com.approval.test.board.mapper.BoardMapper.getBoard()
16:41:01.219 INFO  c.a.t.system.common.aop.CommonAspect - com.approval.test.board.mapper.BoardMapper.getFileList()
16:41:01.228 INFO  c.a.t.system.common.aop.CommonAspect - com.approval.test.board.mapper.BoardMapper.getBoardCommentList()
16:41:06.861 INFO  c.a.t.system.common.aop.CommonAspect - com.approval.test.board.mapper.BoardMapper.getBoardCommentList()
16:41:59.196 INFO  c.a.t.system.common.aop.CommonAspect - com.approval.test.board.mapper.BoardMapper.getBoardCommentList()
16:58:22.360 INFO  com.zaxxer.hikari.HikariDataSource - HikariPool-1 - Shutdown initiated...
16:58:22.366 INFO  com.zaxxer.hikari.HikariDataSource - HikariPool-1 - Shutdown completed.
16:58:24.640 INFO  com.approval.test.DemoApplication - Starting DemoApplication using Java 1.8.0_292 on GWONs-iMac.local with PID 11676 (/Users/gwondaewon/Workspace/ApprovalManagementSystem/javaProject/Approval_Management_System/build/classes/java/main started by gwondaewon in /Users/gwondaewon/Workspace/ApprovalManagementSystem/javaProject/Approval_Management_System)
16:58:24.641 INFO  com.approval.test.DemoApplication - No active profile set, falling back to default profiles: default
16:58:25.534 INFO  o.a.coyote.http11.Http11NioProtocol - Initializing ProtocolHandler ["http-nio-9999"]
16:58:25.535 INFO  org.apache.coyote.ajp.AjpNioProtocol - Initializing ProtocolHandler ["ajp-nio-127.0.0.1-8009"]
16:58:25.543 INFO  o.a.catalina.core.StandardService - Starting service [Tomcat]
16:58:25.543 INFO  o.a.catalina.core.StandardEngine - Starting Servlet engine: [Apache Tomcat/9.0.56]
16:58:25.575 INFO  o.a.c.c.C.[Tomcat].[localhost].[/] - Initializing Spring embedded WebApplicationContext
16:58:26.177 INFO  o.a.coyote.http11.Http11NioProtocol - Starting ProtocolHandler ["http-nio-9999"]
16:58:26.183 INFO  org.apache.coyote.ajp.AjpNioProtocol - Starting ProtocolHandler ["ajp-nio-127.0.0.1-8009"]
16:58:26.192 INFO  com.approval.test.DemoApplication - Started DemoApplication in 1.824 seconds (JVM running for 2.308)
16:58:28.739 INFO  o.a.c.c.C.[Tomcat].[localhost].[/] - Initializing Spring DispatcherServlet 'dispatcherServlet'
16:58:28.792 INFO  c.a.t.system.common.aop.CommonAspect - com.approval.test.board.mapper.BoardMapper.getBoardList()
16:58:28.807 INFO  com.zaxxer.hikari.HikariDataSource - HikariPool-1 - Starting...
16:58:28.993 INFO  com.zaxxer.hikari.HikariDataSource - HikariPool-1 - Start completed.
16:58:29.021 INFO  c.a.t.system.common.aop.CommonAspect - com.approval.test.board.mapper.BoardMapper.getBoardListPaging()
16:58:29.979 INFO  c.a.t.system.common.aop.CommonAspect - com.approval.test.board.mapper.BoardMapper.getBoard()
16:58:29.982 INFO  c.a.t.system.common.aop.CommonAspect - com.approval.test.board.mapper.BoardMapper.getFileList()
16:58:29.998 INFO  c.a.t.system.common.aop.CommonAspect - com.approval.test.board.mapper.BoardMapper.getBoardCommentList()
16:58:30.869 WARN  o.apache.catalina.connector.Response - The encoding [uft-8] is not recognised by the JRE
java.io.UnsupportedEncodingException: The character encoding [uft-8] is not supported
	at org.apache.tomcat.util.buf.B2CConverter.getCharset(B2CConverter.java:65)
	at org.apache.coyote.Response.setCharacterEncoding(Response.java:504)
	at org.apache.catalina.connector.Response.setContentType(Response.java:783)
	at org.apache.catalina.connector.ResponseFacade.setContentType(ResponseFacade.java:264)
	at com.approval.test.system.common.util.FileUtils.fileDownload(FileUtils.java:79)
	at com.approval.test.board.BoardController.boardFileDownload(BoardController.java:123)
	at sun.reflect.NativeMethodAccessorImpl.invoke0(Native Method)
	at sun.reflect.NativeMethodAccessorImpl.invoke(NativeMethodAccessorImpl.java:62)
	at sun.reflect.DelegatingMethodAccessorImpl.invoke(DelegatingMethodAccessorImpl.java:43)
	at java.lang.reflect.Method.invoke(Method.java:498)
	at org.springframework.web.method.support.InvocableHandlerMethod.doInvoke(InvocableHandlerMethod.java:205)
	at org.springframework.web.method.support.InvocableHandlerMethod.invokeForRequest(InvocableHandlerMethod.java:150)
	at org.springframework.web.servlet.mvc.method.annotation.ServletInvocableHandlerMethod.invokeAndHandle(ServletInvocableHandlerMethod.java:117)
	at org.springframework.web.servlet.mvc.method.annotation.RequestMappingHandlerAdapter.invokeHandlerMethod(RequestMappingHandlerAdapter.java:895)
	at org.springframework.web.servlet.mvc.method.annotation.RequestMappingHandlerAdapter.handleInternal(RequestMappingHandlerAdapter.java:808)
	at org.springframework.web.servlet.mvc.method.AbstractHandlerMethodAdapter.handle(AbstractHandlerMethodAdapter.java:87)
	at org.springframework.web.servlet.DispatcherServlet.doDispatch(DispatcherServlet.java:1067)
	at org.springframework.web.servlet.DispatcherServlet.doService(DispatcherServlet.java:963)
	at org.springframework.web.servlet.FrameworkServlet.processRequest(FrameworkServlet.java:1006)
	at org.springframework.web.servlet.FrameworkServlet.doPost(FrameworkServlet.java:909)
	at javax.servlet.http.HttpServlet.service(HttpServlet.java:665)
	at org.springframework.web.servlet.FrameworkServlet.service(FrameworkServlet.java:883)
	at javax.servlet.http.HttpServlet.service(HttpServlet.java:750)
	at org.apache.catalina.core.ApplicationFilterChain.internalDoFilter(ApplicationFilterChain.java:227)
	at org.apache.catalina.core.ApplicationFilterChain.doFilter(ApplicationFilterChain.java:162)
	at org.apache.tomcat.websocket.server.WsFilter.doFilter(WsFilter.java:53)
	at org.apache.catalina.core.ApplicationFilterChain.internalDoFilter(ApplicationFilterChain.java:189)
	at org.apache.catalina.core.ApplicationFilterChain.doFilter(ApplicationFilterChain.java:162)
	at org.springframework.web.filter.RequestContextFilter.doFilterInternal(RequestContextFilter.java:100)
	at org.springframework.web.filter.OncePerRequestFilter.doFilter(OncePerRequestFilter.java:117)
	at org.apache.catalina.core.ApplicationFilterChain.internalDoFilter(ApplicationFilterChain.java:189)
	at org.apache.catalina.core.ApplicationFilterChain.doFilter(ApplicationFilterChain.java:162)
	at org.springframework.web.filter.FormContentFilter.doFilterInternal(FormContentFilter.java:93)
	at org.springframework.web.filter.OncePerRequestFilter.doFilter(OncePerRequestFilter.java:117)
	at org.apache.catalina.core.ApplicationFilterChain.internalDoFilter(ApplicationFilterChain.java:189)
	at org.apache.catalina.core.ApplicationFilterChain.doFilter(ApplicationFilterChain.java:162)
	at org.springframework.web.filter.CharacterEncodingFilter.doFilterInternal(CharacterEncodingFilter.java:201)
	at org.springframework.web.filter.OncePerRequestFilter.doFilter(OncePerRequestFilter.java:117)
	at org.apache.catalina.core.ApplicationFilterChain.internalDoFilter(ApplicationFilterChain.java:189)
	at org.apache.catalina.core.ApplicationFilterChain.doFilter(ApplicationFilterChain.java:162)
	at org.apache.catalina.core.StandardWrapperValve.invoke(StandardWrapperValve.java:197)
	at org.apache.catalina.core.StandardContextValve.invoke(StandardContextValve.java:97)
	at org.apache.catalina.authenticator.AuthenticatorBase.invoke(AuthenticatorBase.java:540)
	at org.apache.catalina.core.StandardHostValve.invoke(StandardHostValve.java:135)
	at org.apache.catalina.valves.ErrorReportValve.invoke(ErrorReportValve.java:92)
	at org.apache.catalina.core.StandardEngineValve.invoke(StandardEngineValve.java:78)
	at org.apache.catalina.connector.CoyoteAdapter.service(CoyoteAdapter.java:357)
	at org.apache.coyote.http11.Http11Processor.service(Http11Processor.java:382)
	at org.apache.coyote.AbstractProcessorLight.process(AbstractProcessorLight.java:65)
	at org.apache.coyote.AbstractProtocol$ConnectionHandler.process(AbstractProtocol.java:895)
	at org.apache.tomcat.util.net.NioEndpoint$SocketProcessor.doRun(NioEndpoint.java:1732)
	at org.apache.tomcat.util.net.SocketProcessorBase.run(SocketProcessorBase.java:49)
	at org.apache.tomcat.util.threads.ThreadPoolExecutor.runWorker(ThreadPoolExecutor.java:1191)
	at org.apache.tomcat.util.threads.ThreadPoolExecutor$Worker.run(ThreadPoolExecutor.java:659)
	at org.apache.tomcat.util.threads.TaskThread$WrappingRunnable.run(TaskThread.java:61)
	at java.lang.Thread.run(Thread.java:748)
16:58:51.742 INFO  com.zaxxer.hikari.HikariDataSource - HikariPool-1 - Shutdown initiated...
16:58:51.749 INFO  com.zaxxer.hikari.HikariDataSource - HikariPool-1 - Shutdown completed.
16:58:53.650 INFO  com.approval.test.DemoApplication - Starting DemoApplication using Java 1.8.0_292 on GWONs-iMac.local with PID 11681 (/Users/gwondaewon/Workspace/ApprovalManagementSystem/javaProject/Approval_Management_System/build/classes/java/main started by gwondaewon in /Users/gwondaewon/Workspace/ApprovalManagementSystem/javaProject/Approval_Management_System)
16:58:53.651 INFO  com.approval.test.DemoApplication - No active profile set, falling back to default profiles: default
16:58:54.467 INFO  o.a.coyote.http11.Http11NioProtocol - Initializing ProtocolHandler ["http-nio-9999"]
16:58:54.468 INFO  org.apache.coyote.ajp.AjpNioProtocol - Initializing ProtocolHandler ["ajp-nio-127.0.0.1-8009"]
16:58:54.476 INFO  o.a.catalina.core.StandardService - Starting service [Tomcat]
16:58:54.476 INFO  o.a.catalina.core.StandardEngine - Starting Servlet engine: [Apache Tomcat/9.0.56]
16:58:54.507 INFO  o.a.c.c.C.[Tomcat].[localhost].[/] - Initializing Spring embedded WebApplicationContext
16:58:55.047 INFO  o.a.coyote.http11.Http11NioProtocol - Starting ProtocolHandler ["http-nio-9999"]
16:58:55.053 INFO  org.apache.coyote.ajp.AjpNioProtocol - Starting ProtocolHandler ["ajp-nio-127.0.0.1-8009"]
16:58:55.061 INFO  com.approval.test.DemoApplication - Started DemoApplication in 1.67 seconds (JVM running for 2.033)
16:59:00.500 INFO  o.a.c.c.C.[Tomcat].[localhost].[/] - Initializing Spring DispatcherServlet 'dispatcherServlet'
16:59:17.221 INFO  com.approval.test.DemoApplication - Starting DemoApplication using Java 1.8.0_292 on GWONs-iMac.local with PID 11688 (/Users/gwondaewon/Workspace/ApprovalManagementSystem/javaProject/Approval_Management_System/build/classes/java/main started by gwondaewon in /Users/gwondaewon/Workspace/ApprovalManagementSystem/javaProject/Approval_Management_System)
16:59:17.222 INFO  com.approval.test.DemoApplication - No active profile set, falling back to default profiles: default
16:59:18.032 INFO  o.a.coyote.http11.Http11NioProtocol - Initializing ProtocolHandler ["http-nio-9999"]
16:59:18.032 INFO  org.apache.coyote.ajp.AjpNioProtocol - Initializing ProtocolHandler ["ajp-nio-127.0.0.1-8009"]
16:59:18.040 INFO  o.a.catalina.core.StandardService - Starting service [Tomcat]
16:59:18.040 INFO  o.a.catalina.core.StandardEngine - Starting Servlet engine: [Apache Tomcat/9.0.56]
16:59:18.072 INFO  o.a.c.c.C.[Tomcat].[localhost].[/] - Initializing Spring embedded WebApplicationContext
16:59:18.604 INFO  o.a.coyote.http11.Http11NioProtocol - Starting ProtocolHandler ["http-nio-9999"]
16:59:18.610 INFO  org.apache.coyote.ajp.AjpNioProtocol - Starting ProtocolHandler ["ajp-nio-127.0.0.1-8009"]
16:59:18.618 INFO  com.approval.test.DemoApplication - Started DemoApplication in 1.675 seconds (JVM running for 2.167)
16:59:23.307 INFO  o.a.c.c.C.[Tomcat].[localhost].[/] - Initializing Spring DispatcherServlet 'dispatcherServlet'
17:04:50.909 INFO  com.approval.test.DemoApplication - Starting DemoApplication using Java 1.8.0_292 on GWONs-iMac.local with PID 11708 (/Users/gwondaewon/Workspace/ApprovalManagementSystem/javaProject/Approval_Management_System/build/classes/java/main started by gwondaewon in /Users/gwondaewon/Workspace/ApprovalManagementSystem/javaProject/Approval_Management_System)
17:04:50.911 INFO  com.approval.test.DemoApplication - No active profile set, falling back to default profiles: default
17:04:51.862 INFO  o.a.coyote.http11.Http11NioProtocol - Initializing ProtocolHandler ["http-nio-9999"]
17:04:51.862 INFO  org.apache.coyote.ajp.AjpNioProtocol - Initializing ProtocolHandler ["ajp-nio-127.0.0.1-8009"]
17:04:51.871 INFO  o.a.catalina.core.StandardService - Starting service [Tomcat]
17:04:51.871 INFO  o.a.catalina.core.StandardEngine - Starting Servlet engine: [Apache Tomcat/9.0.56]
17:04:51.904 INFO  o.a.c.c.C.[Tomcat].[localhost].[/] - Initializing Spring embedded WebApplicationContext
17:04:52.523 INFO  o.a.coyote.http11.Http11NioProtocol - Starting ProtocolHandler ["http-nio-9999"]
17:04:52.530 INFO  org.apache.coyote.ajp.AjpNioProtocol - Starting ProtocolHandler ["ajp-nio-127.0.0.1-8009"]
17:04:52.539 INFO  com.approval.test.DemoApplication - Started DemoApplication in 1.942 seconds (JVM running for 2.424)
17:04:54.571 INFO  o.a.c.c.C.[Tomcat].[localhost].[/] - Initializing Spring DispatcherServlet 'dispatcherServlet'
17:07:54.660 INFO  com.approval.test.DemoApplication - Starting DemoApplication using Java 1.8.0_292 on GWONs-iMac.local with PID 11740 (/Users/gwondaewon/Workspace/ApprovalManagementSystem/javaProject/Approval_Management_System/build/classes/java/main started by gwondaewon in /Users/gwondaewon/Workspace/ApprovalManagementSystem/javaProject/Approval_Management_System)
17:07:54.661 INFO  com.approval.test.DemoApplication - No active profile set, falling back to default profiles: default
17:07:55.480 INFO  o.a.coyote.http11.Http11NioProtocol - Initializing ProtocolHandler ["http-nio-9999"]
17:07:55.481 INFO  org.apache.coyote.ajp.AjpNioProtocol - Initializing ProtocolHandler ["ajp-nio-127.0.0.1-8009"]
17:07:55.488 INFO  o.a.catalina.core.StandardService - Starting service [Tomcat]
17:07:55.488 INFO  o.a.catalina.core.StandardEngine - Starting Servlet engine: [Apache Tomcat/9.0.56]
17:07:55.520 INFO  o.a.c.c.C.[Tomcat].[localhost].[/] - Initializing Spring embedded WebApplicationContext
17:07:56.060 INFO  o.a.coyote.http11.Http11NioProtocol - Starting ProtocolHandler ["http-nio-9999"]
17:07:56.066 INFO  org.apache.coyote.ajp.AjpNioProtocol - Starting ProtocolHandler ["ajp-nio-127.0.0.1-8009"]
17:07:56.075 INFO  com.approval.test.DemoApplication - Started DemoApplication in 1.67 seconds (JVM running for 2.082)
17:08:21.546 INFO  o.a.c.c.C.[Tomcat].[localhost].[/] - Initializing Spring DispatcherServlet 'dispatcherServlet'
17:29:33.983 INFO  com.approval.test.DemoApplication - Starting DemoApplication using Java 1.8.0_292 on GWONs-iMac.local with PID 11837 (/Users/gwondaewon/Workspace/ApprovalManagementSystem/javaProject/Approval_Management_System/build/classes/java/main started by gwondaewon in /Users/gwondaewon/Workspace/ApprovalManagementSystem/javaProject/Approval_Management_System)
17:29:33.985 INFO  com.approval.test.DemoApplication - No active profile set, falling back to default profiles: default
17:29:34.822 INFO  o.a.coyote.http11.Http11NioProtocol - Initializing ProtocolHandler ["http-nio-9999"]
17:29:34.822 INFO  org.apache.coyote.ajp.AjpNioProtocol - Initializing ProtocolHandler ["ajp-nio-127.0.0.1-8009"]
17:29:34.830 INFO  o.a.catalina.core.StandardService - Starting service [Tomcat]
17:29:34.830 INFO  o.a.catalina.core.StandardEngine - Starting Servlet engine: [Apache Tomcat/9.0.56]
17:29:34.861 INFO  o.a.c.c.C.[Tomcat].[localhost].[/] - Initializing Spring embedded WebApplicationContext
17:29:35.407 INFO  o.a.coyote.http11.Http11NioProtocol - Starting ProtocolHandler ["http-nio-9999"]
17:29:35.420 INFO  org.apache.coyote.ajp.AjpNioProtocol - Starting ProtocolHandler ["ajp-nio-127.0.0.1-8009"]
17:29:35.429 INFO  com.approval.test.DemoApplication - Started DemoApplication in 1.705 seconds (JVM running for 2.075)
17:29:43.367 INFO  o.a.c.c.C.[Tomcat].[localhost].[/] - Initializing Spring DispatcherServlet 'dispatcherServlet'
17:29:43.433 ERROR c.a.t.system.common.aop.CommonAspect - defaultExceptionHandler
org.springframework.http.converter.HttpMessageNotWritableException: No converter for [class org.springframework.http.ResponseEntity$DefaultBuilder] with preset Content-Type 'null'
	at org.springframework.web.servlet.mvc.method.annotation.AbstractMessageConverterMethodProcessor.writeWithMessageConverters(AbstractMessageConverterMethodProcessor.java:312)
	at org.springframework.web.servlet.mvc.method.annotation.RequestResponseBodyMethodProcessor.handleReturnValue(RequestResponseBodyMethodProcessor.java:183)
	at org.springframework.web.method.support.HandlerMethodReturnValueHandlerComposite.handleReturnValue(HandlerMethodReturnValueHandlerComposite.java:78)
	at org.springframework.web.servlet.mvc.method.annotation.ServletInvocableHandlerMethod.invokeAndHandle(ServletInvocableHandlerMethod.java:135)
	at org.springframework.web.servlet.mvc.method.annotation.RequestMappingHandlerAdapter.invokeHandlerMethod(RequestMappingHandlerAdapter.java:895)
	at org.springframework.web.servlet.mvc.method.annotation.RequestMappingHandlerAdapter.handleInternal(RequestMappingHandlerAdapter.java:808)
	at org.springframework.web.servlet.mvc.method.AbstractHandlerMethodAdapter.handle(AbstractHandlerMethodAdapter.java:87)
	at org.springframework.web.servlet.DispatcherServlet.doDispatch(DispatcherServlet.java:1067)
	at org.springframework.web.servlet.DispatcherServlet.doService(DispatcherServlet.java:963)
	at org.springframework.web.servlet.FrameworkServlet.processRequest(FrameworkServlet.java:1006)
	at org.springframework.web.servlet.FrameworkServlet.doPost(FrameworkServlet.java:909)
	at javax.servlet.http.HttpServlet.service(HttpServlet.java:665)
	at org.springframework.web.servlet.FrameworkServlet.service(FrameworkServlet.java:883)
	at javax.servlet.http.HttpServlet.service(HttpServlet.java:750)
	at org.apache.catalina.core.ApplicationFilterChain.internalDoFilter(ApplicationFilterChain.java:227)
	at org.apache.catalina.core.ApplicationFilterChain.doFilter(ApplicationFilterChain.java:162)
	at org.apache.tomcat.websocket.server.WsFilter.doFilter(WsFilter.java:53)
	at org.apache.catalina.core.ApplicationFilterChain.internalDoFilter(ApplicationFilterChain.java:189)
	at org.apache.catalina.core.ApplicationFilterChain.doFilter(ApplicationFilterChain.java:162)
	at org.springframework.web.filter.RequestContextFilter.doFilterInternal(RequestContextFilter.java:100)
	at org.springframework.web.filter.OncePerRequestFilter.doFilter(OncePerRequestFilter.java:117)
	at org.apache.catalina.core.ApplicationFilterChain.internalDoFilter(ApplicationFilterChain.java:189)
	at org.apache.catalina.core.ApplicationFilterChain.doFilter(ApplicationFilterChain.java:162)
	at org.springframework.web.filter.FormContentFilter.doFilterInternal(FormContentFilter.java:93)
	at org.springframework.web.filter.OncePerRequestFilter.doFilter(OncePerRequestFilter.java:117)
	at org.apache.catalina.core.ApplicationFilterChain.internalDoFilter(ApplicationFilterChain.java:189)
	at org.apache.catalina.core.ApplicationFilterChain.doFilter(ApplicationFilterChain.java:162)
	at org.springframework.web.filter.CharacterEncodingFilter.doFilterInternal(CharacterEncodingFilter.java:201)
	at org.springframework.web.filter.OncePerRequestFilter.doFilter(OncePerRequestFilter.java:117)
	at org.apache.catalina.core.ApplicationFilterChain.internalDoFilter(ApplicationFilterChain.java:189)
	at org.apache.catalina.core.ApplicationFilterChain.doFilter(ApplicationFilterChain.java:162)
	at org.apache.catalina.core.StandardWrapperValve.invoke(StandardWrapperValve.java:197)
	at org.apache.catalina.core.StandardContextValve.invoke(StandardContextValve.java:97)
	at org.apache.catalina.authenticator.AuthenticatorBase.invoke(AuthenticatorBase.java:540)
	at org.apache.catalina.core.StandardHostValve.invoke(StandardHostValve.java:135)
	at org.apache.catalina.valves.ErrorReportValve.invoke(ErrorReportValve.java:92)
	at org.apache.catalina.core.StandardEngineValve.invoke(StandardEngineValve.java:78)
	at org.apache.catalina.connector.CoyoteAdapter.service(CoyoteAdapter.java:357)
	at org.apache.coyote.http11.Http11Processor.service(Http11Processor.java:382)
	at org.apache.coyote.AbstractProcessorLight.process(AbstractProcessorLight.java:65)
	at org.apache.coyote.AbstractProtocol$ConnectionHandler.process(AbstractProtocol.java:895)
	at org.apache.tomcat.util.net.NioEndpoint$SocketProcessor.doRun(NioEndpoint.java:1732)
	at org.apache.tomcat.util.net.SocketProcessorBase.run(SocketProcessorBase.java:49)
	at org.apache.tomcat.util.threads.ThreadPoolExecutor.runWorker(ThreadPoolExecutor.java:1191)
	at org.apache.tomcat.util.threads.ThreadPoolExecutor$Worker.run(ThreadPoolExecutor.java:659)
	at org.apache.tomcat.util.threads.TaskThread$WrappingRunnable.run(TaskThread.java:61)
	at java.lang.Thread.run(Thread.java:748)
